# JRE version: OpenJDK Runtime Environment (8.0_151-b12) (build 1.8.0_151-8u151-b12-0ubuntu0.16.04.2-b12)
# Java VM: OpenJDK 64-Bit Server VM (25.151-b12 mixed mode linux-amd64 compressed oops)
Heap:
 def new generation   total 15680K, used 0K [0x00000000f0800000, 0x00000000f1900000, 0x00000000f5aa0000)
  eden space 13952K,   0% used [0x00000000f0800000, 0x00000000f0800000, 0x00000000f15a0000)
  from space 1728K,   0% used [0x00000000f15a0000, 0x00000000f15a0000, 0x00000000f1750000)
  to   space 1728K,   0% used [0x00000000f1750000, 0x00000000f1750000, 0x00000000f1900000)
 tenured generation   total 35508K, used 29712K [0x00000000f5aa0000, 0x00000000f7d4d000, 0x0000000100000000)
   the space 35508K,  83% used [0x00000000f5aa0000, 0x00000000f77a42c8, 0x00000000f77a4400, 0x00000000f7d4d000)
 Metaspace       used 36559K, capacity 37406K, committed 37760K, reserved 1083392K
  class space    used 4407K, capacity 4621K, committed 4736K, reserved 1048576K
GC Heap History (10 events):
Event: 18.869 GC heap after
Heap after GC invocations=86 (full 3):
 def new generation   total 15680K, used 1238K [0x00000000f0800000, 0x00000000f1900000, 0x00000000f5aa0000)
  eden space 13952K,   0% used [0x00000000f0800000, 0x00000000f0800000, 0x00000000f15a0000)
  from space 1728K,  71% used [0x00000000f1750000, 0x00000000f1885a88, 0x00000000f1900000)
  to   space 1728K,   0% used [0x00000000f15a0000, 0x00000000f15a0000, 0x00000000f1750000)
 tenured generation   total 34740K, used 33738K [0x00000000f5aa0000, 0x00000000f7c8d000, 0x0000000100000000)
   the space 34740K,  97% used [0x00000000f5aa0000, 0x00000000f7b928b0, 0x00000000f7b92a00, 0x00000000f7c8d000)
 Metaspace       used 34194K, capacity 34996K, committed 35328K, reserved 1081344K
  class space    used 4099K, capacity 4294K, committed 4352K, reserved 1048576K
}
Event: 19.125 GC heap before
{Heap before GC invocations=86 (full 3):
 def new generation   total 15680K, used 15190K [0x00000000f0800000, 0x00000000f1900000, 0x00000000f5aa0000)
  eden space 13952K, 100% used [0x00000000f0800000, 0x00000000f15a0000, 0x00000000f15a0000)
  from space 1728K,  71% used [0x00000000f1750000, 0x00000000f1885a88, 0x00000000f1900000)
  to   space 1728K,   0% used [0x00000000f15a0000, 0x00000000f15a0000, 0x00000000f1750000)
 tenured generation   total 34740K, used 33738K [0x00000000f5aa0000, 0x00000000f7c8d000, 0x0000000100000000)
   the space 34740K,  97% used [0x00000000f5aa0000, 0x00000000f7b928b0, 0x00000000f7b92a00, 0x00000000f7c8d000)
 Metaspace       used 34472K, capacity 35284K, committed 35584K, reserved 1081344K
  class space    used 4143K, capacity 4326K, committed 4352K, reserved 1048576K
Event: 19.137 GC heap after
Heap after GC invocations=87 (full 3):
 def new generation   total 15680K, used 887K [0x00000000f0800000, 0x00000000f1900000, 0x00000000f5aa0000)
  eden space 13952K,   0% used [0x00000000f0800000, 0x00000000f0800000, 0x00000000f15a0000)
  from space 1728K,  51% used [0x00000000f15a0000, 0x00000000f167dc30, 0x00000000f1750000)
  to   space 1728K,   0% used [0x00000000f1750000, 0x00000000f1750000, 0x00000000f1900000)
 tenured generation   total 34740K, used 34198K [0x00000000f5aa0000, 0x00000000f7c8d000, 0x0000000100000000)
   the space 34740K,  98% used [0x00000000f5aa0000, 0x00000000f7c05b70, 0x00000000f7c05c00, 0x00000000f7c8d000)
 Metaspace       used 34472K, capacity 35284K, committed 35584K, reserved 1081344K
  class space    used 4143K, capacity 4326K, committed 4352K, reserved 1048576K
}
Event: 19.357 GC heap before
{Heap before GC invocations=87 (full 3):
 def new generation   total 15680K, used 14839K [0x00000000f0800000, 0x00000000f1900000, 0x00000000f5aa0000)
  eden space 13952K, 100% used [0x00000000f0800000, 0x00000000f15a0000, 0x00000000f15a0000)
  from space 1728K,  51% used [0x00000000f15a0000, 0x00000000f167dc30, 0x00000000f1750000)
  to   space 1728K,   0% used [0x00000000f1750000, 0x00000000f1750000, 0x00000000f1900000)
 tenured generation   total 34740K, used 34198K [0x00000000f5aa0000, 0x00000000f7c8d000, 0x0000000100000000)
   the space 34740K,  98% used [0x00000000f5aa0000, 0x00000000f7c05b70, 0x00000000f7c05c00, 0x00000000f7c8d000)
 Metaspace       used 34553K, capacity 35380K, committed 35712K, reserved 1081344K
  class space    used 4156K, capacity 4358K, committed 4480K, reserved 1048576K
Event: 19.363 GC heap after
Heap after GC invocations=88 (full 3):
 def new generation   total 15680K, used 710K [0x00000000f0800000, 0x00000000f1900000, 0x00000000f5aa0000)
  eden space 13952K,   0% used [0x00000000f0800000, 0x00000000f0800000, 0x00000000f15a0000)
  from space 1728K,  41% used [0x00000000f1750000, 0x00000000f1801b20, 0x00000000f1900000)
  to   space 1728K,   0% used [0x00000000f15a0000, 0x00000000f15a0000, 0x00000000f1750000)
 tenured generation   total 34740K, used 34342K [0x00000000f5aa0000, 0x00000000f7c8d000, 0x0000000100000000)
   the space 34740K,  98% used [0x00000000f5aa0000, 0x00000000f7c29860, 0x00000000f7c29a00, 0x00000000f7c8d000)
 Metaspace       used 34553K, capacity 35380K, committed 35712K, reserved 1081344K
  class space    used 4156K, capacity 4358K, committed 4480K, reserved 1048576K
}
Event: 19.717 GC heap before
{Heap before GC invocations=88 (full 3):
 def new generation   total 15680K, used 14662K [0x00000000f0800000, 0x00000000f1900000, 0x00000000f5aa0000)
  eden space 13952K, 100% used [0x00000000f0800000, 0x00000000f15a0000, 0x00000000f15a0000)
  from space 1728K,  41% used [0x00000000f1750000, 0x00000000f1801b20, 0x00000000f1900000)
  to   space 1728K,   0% used [0x00000000f15a0000, 0x00000000f15a0000, 0x00000000f1750000)
 tenured generation   total 34740K, used 34342K [0x00000000f5aa0000, 0x00000000f7c8d000, 0x0000000100000000)
   the space 34740K,  98% used [0x00000000f5aa0000, 0x00000000f7c29860, 0x00000000f7c29a00, 0x00000000f7c8d000)
 Metaspace       used 35311K, capacity 36116K, committed 36224K, reserved 1081344K
  class space    used 4260K, capacity 4454K, committed 4480K, reserved 1048576K
Event: 19.721 GC heap after
Heap after GC invocations=89 (full 3):
 def new generation   total 15680K, used 977K [0x00000000f0800000, 0x00000000f1900000, 0x00000000f5aa0000)
  eden space 13952K,   0% used [0x00000000f0800000, 0x00000000f0800000, 0x00000000f15a0000)
  from space 1728K,  56% used [0x00000000f15a0000, 0x00000000f1694770, 0x00000000f1750000)
  to   space 1728K,   0% used [0x00000000f1750000, 0x00000000f1750000, 0x00000000f1900000)
 tenured generation   total 34740K, used 34342K [0x00000000f5aa0000, 0x00000000f7c8d000, 0x0000000100000000)
   the space 34740K,  98% used [0x00000000f5aa0000, 0x00000000f7c29860, 0x00000000f7c29a00, 0x00000000f7c8d000)
 Metaspace       used 35311K, capacity 36116K, committed 36224K, reserved 1081344K
  class space    used 4260K, capacity 4454K, committed 4480K, reserved 1048576K
}
Event: 20.451 GC heap before
{Heap before GC invocations=89 (full 3):
 def new generation   total 15680K, used 14928K [0x00000000f0800000, 0x00000000f1900000, 0x00000000f5aa0000)
  eden space 13952K,  99% used [0x00000000f0800000, 0x00000000f159fc00, 0x00000000f15a0000)
  from space 1728K,  56% used [0x00000000f15a0000, 0x00000000f1694770, 0x00000000f1750000)
  to   space 1728K,   0% used [0x00000000f1750000, 0x00000000f1750000, 0x00000000f1900000)
 tenured generation   total 34740K, used 34342K [0x00000000f5aa0000, 0x00000000f7c8d000, 0x0000000100000000)
   the space 34740K,  98% used [0x00000000f5aa0000, 0x00000000f7c29860, 0x00000000f7c29a00, 0x00000000f7c8d000)
 Metaspace       used 36076K, capacity 36896K, committed 37120K, reserved 1081344K
  class space    used 4339K, capacity 4520K, committed 4608K, reserved 1048576K
Event: 20.468 GC heap after
Heap after GC invocations=90 (full 3):
 def new generation   total 15680K, used 975K [0x00000000f0800000, 0x00000000f1900000, 0x00000000f5aa0000)
  eden space 13952K,   0% used [0x00000000f0800000, 0x00000000f0800000, 0x00000000f15a0000)
  from space 1728K,  56% used [0x00000000f1750000, 0x00000000f1843f00, 0x00000000f1900000)
  to   space 1728K,   0% used [0x00000000f15a0000, 0x00000000f15a0000, 0x00000000f1750000)
 tenured generation   total 34740K, used 34673K [0x00000000f5aa0000, 0x00000000f7c8d000, 0x0000000100000000)
   the space 34740K,  99% used [0x00000000f5aa0000, 0x00000000f7c7c528, 0x00000000f7c7c600, 0x00000000f7c8d000)
 Metaspace       used 36076K, capacity 36896K, committed 37120K, reserved 1081344K
  class space    used 4339K, capacity 4520K, committed 4608K, reserved 1048576K
}
Event: 21.033 GC heap before
{Heap before GC invocations=90 (full 3):
 def new generation   total 15680K, used 14927K [0x00000000f0800000, 0x00000000f1900000, 0x00000000f5aa0000)
  eden space 13952K, 100% used [0x00000000f0800000, 0x00000000f15a0000, 0x00000000f15a0000)
  from space 1728K,  56% used [0x00000000f1750000, 0x00000000f1843f00, 0x00000000f1900000)
  to   space 1728K,   0% used [0x00000000f15a0000, 0x00000000f15a0000, 0x00000000f1750000)
 tenured generation   total 34740K, used 34673K [0x00000000f5aa0000, 0x00000000f7c8d000, 0x0000000100000000)
   the space 34740K,  99% used [0x00000000f5aa0000, 0x00000000f7c7c528, 0x00000000f7c7c600, 0x00000000f7c8d000)
 Metaspace       used 36559K, capacity 37406K, committed 37760K, reserved 1083392K
  class space    used 4407K, capacity 4621K, committed 4736K, reserved 1048576K

